<?xml version="1.0" encoding="UTF-8"?>
<!-- Generated by org.testng.reporters.JUnitReportReporter -->
<testsuite hostname="DESKTOP-BNV9653" failures="0" tests="1" name="testRunner.Runner" time="17.900" errors="0" timestamp="2024-08-10T22:42:22 IST" skipped="0">
  <testcase classname="testRunner.Runner" name="runScenario" time="17.900"/>
</testsuite> <!-- testRunner.Runner -->
